<?xml version="1.0" encoding="UTF-8"?>
<!-- Generated by org.testng.reporters.JUnitReportReporter -->
<testsuite hostname="DESKTOP-OBP08OP" failures="0" tests="14" name="TestCase.FinialProjecrt.TestCases" time="106.136" errors="1" timestamp="2025-06-18T00:48:24 EET" skipped="10">
  <testcase classname="TestCase.FinialProjecrt.TestCases" name="FlightSearch" time="21.029"/>
  <testcase classname="TestCase.FinialProjecrt.TestCases" name="ProcessCheckOut" time="20.515"/>
  <testcase classname="TestCase.FinialProjecrt.TestCases" name="CheckOut" time="12.490"/>
  <testcase classname="TestCase.FinialProjecrt.TestCases" name="CheckOutCombl" time="52.102">
    <error message="Expected condition failed: waiting for presence of any elements located by By.xpath: //li[contains(@class, &#039;MuiAutocomplete-option&#039;)] (tried for 10 second(s) with 500 milliseconds interval)
Build info: version: &#039;4.31.0&#039;, revision: &#039;1ef9f18787*&#039;
System info: os.name: &#039;Windows 10&#039;, os.arch: &#039;amd64&#039;, os.version: &#039;10.0&#039;, java.version: &#039;17.0.12&#039;
Driver info: org.openqa.selenium.chrome.ChromeDriver
Capabilities {acceptInsecureCerts: false, browserName: chrome, browserVersion: 137.0.7151.104, chrome: {chromedriverVersion: 137.0.7151.119 (e0ac9d12dff..., userDataDir: C:\Users\mousa\AppData\Loca...}, fedcm:accounts: true, goog:chromeOptions: {debuggerAddress: localhost:54158}, networkConnectionEnabled: false, pageLoadStrategy: normal, platformName: windows, proxy: Proxy(), se:cdp: ws://localhost:54158/devtoo..., se:cdpVersion: 137.0.7151.104, setWindowRect: true, strictFileInteractability: false, timeouts: {implicit: 0, pageLoad: 300000, script: 30000}, unhandledPromptBehavior: dismiss and notify, webauthn:extension:credBlob: true, webauthn:extension:largeBlob: true, webauthn:extension:minPinLength: true, webauthn:extension:prf: true, webauthn:virtualAuthenticators: true}
Session ID: 1f82d2200ec3ef290949a4cb4a542c21" type="org.openqa.selenium.TimeoutException">
      <![CDATA[org.openqa.selenium.TimeoutException: Expected condition failed: waiting for presence of any elements located by By.xpath: //li[contains(@class, 'MuiAutocomplete-option')] (tried for 10 second(s) with 500 milliseconds interval)
Build info: version: '4.31.0', revision: '1ef9f18787*'
System info: os.name: 'Windows 10', os.arch: 'amd64', os.version: '10.0', java.version: '17.0.12'
Driver info: org.openqa.selenium.chrome.ChromeDriver
Capabilities {acceptInsecureCerts: false, browserName: chrome, browserVersion: 137.0.7151.104, chrome: {chromedriverVersion: 137.0.7151.119 (e0ac9d12dff..., userDataDir: C:\Users\mousa\AppData\Loca...}, fedcm:accounts: true, goog:chromeOptions: {debuggerAddress: localhost:54158}, networkConnectionEnabled: false, pageLoadStrategy: normal, platformName: windows, proxy: Proxy(), se:cdp: ws://localhost:54158/devtoo..., se:cdpVersion: 137.0.7151.104, setWindowRect: true, strictFileInteractability: false, timeouts: {implicit: 0, pageLoad: 300000, script: 30000}, unhandledPromptBehavior: dismiss and notify, webauthn:extension:credBlob: true, webauthn:extension:largeBlob: true, webauthn:extension:minPinLength: true, webauthn:extension:prf: true, webauthn:virtualAuthenticators: true}
Session ID: 1f82d2200ec3ef290949a4cb4a542c21
at org.openqa.selenium.support.ui.WebDriverWait.timeoutException(WebDriverWait.java:84)
at org.openqa.selenium.support.ui.FluentWait.until(FluentWait.java:228)
at TestCase.FinialProjecrt.TestCases.CheckOutCombl(TestCases.java:333)
at java.base/jdk.internal.reflect.NativeMethodAccessorImpl.invoke0(Native Method)
at java.base/jdk.internal.reflect.NativeMethodAccessorImpl.invoke(NativeMethodAccessorImpl.java:77)
at java.base/jdk.internal.reflect.DelegatingMethodAccessorImpl.invoke(DelegatingMethodAccessorImpl.java:43)
at java.base/java.lang.reflect.Method.invoke(Method.java:568)
at org.testng.internal.invokers.MethodInvocationHelper.invokeMethod(MethodInvocationHelper.java:141)
at org.testng.internal.invokers.TestInvoker.invokeMethod(TestInvoker.java:687)
at org.testng.internal.invokers.TestInvoker.invokeTestMethod(TestInvoker.java:230)
at org.testng.internal.invokers.MethodRunner.runInSequence(MethodRunner.java:63)
at org.testng.internal.invokers.TestInvoker$MethodInvocationAgent.invoke(TestInvoker.java:995)
at org.testng.internal.invokers.TestInvoker.invokeTestMethods(TestInvoker.java:203)
at org.testng.internal.invokers.TestMethodWorker.invokeTestMethods(TestMethodWorker.java:154)
at org.testng.internal.invokers.TestMethodWorker.run(TestMethodWorker.java:134)
at java.base/java.util.ArrayList.forEach(ArrayList.java:1511)
at org.testng.TestRunner.privateRun(TestRunner.java:741)
at org.testng.TestRunner.run(TestRunner.java:616)
at org.testng.SuiteRunner.runTest(SuiteRunner.java:421)
at org.testng.SuiteRunner.runSequentially(SuiteRunner.java:413)
at org.testng.SuiteRunner.privateRun(SuiteRunner.java:373)
at org.testng.SuiteRunner.run(SuiteRunner.java:312)
at org.testng.SuiteRunnerWorker.runSuite(SuiteRunnerWorker.java:52)
at org.testng.SuiteRunnerWorker.run(SuiteRunnerWorker.java:95)
at org.testng.TestNG.runSuitesSequentially(TestNG.java:1274)
at org.testng.TestNG.runSuitesLocally(TestNG.java:1208)
at org.testng.TestNG.runSuites(TestNG.java:1112)
at org.testng.TestNG.run(TestNG.java:1079)
at org.testng.remote.AbstractRemoteTestNG.run(AbstractRemoteTestNG.java:115)
at org.testng.remote.RemoteTestNG.initAndRun(RemoteTestNG.java:293)
at org.testng.remote.RemoteTestNG.main(RemoteTestNG.java:91)
]]>
    </error>
  </testcase> <!-- CheckOutCombl -->
  <testcase classname="TestCase.FinialProjecrt.TestCases" name="MultiLanguageUsing">
    <skipped/>
  </testcase> <!-- MultiLanguageUsing -->
  <testcase classname="TestCase.FinialProjecrt.TestCases" name="HotelSearch">
    <skipped/>
  </testcase> <!-- HotelSearch -->
  <testcase classname="TestCase.FinialProjecrt.TestCases" name="CreateAccount">
    <skipped/>
  </testcase> <!-- CreateAccount -->
  <testcase classname="TestCase.FinialProjecrt.TestCases" name="CustomerSupport">
    <skipped/>
  </testcase> <!-- CustomerSupport -->
  <testcase classname="TestCase.FinialProjecrt.TestCases" name="FiltersSearchResults">
    <skipped/>
  </testcase> <!-- FiltersSearchResults -->
  <testcase classname="TestCase.FinialProjecrt.TestCases" name="HotelBookingProcess">
    <skipped/>
  </testcase> <!-- HotelBookingProcess -->
  <testcase classname="TestCase.FinialProjecrt.TestCases" name="LoginAccount">
    <skipped/>
  </testcase> <!-- LoginAccount -->
  <testcase classname="TestCase.FinialProjecrt.TestCases" name="CheckOutHotal">
    <skipped/>
  </testcase> <!-- CheckOutHotal -->
  <testcase classname="TestCase.FinialProjecrt.TestCases" name="ForgetPassward">
    <skipped/>
  </testcase> <!-- ForgetPassward -->
  <testcase classname="TestCase.FinialProjecrt.TestCases" name="PromotionalOffers">
    <skipped/>
  </testcase> <!-- PromotionalOffers -->
</testsuite> <!-- TestCase.FinialProjecrt.TestCases -->
