<?xml version="1.0" encoding="UTF-8"?>
<!-- Generated by org.testng.reporters.JUnitReportReporter -->
<testsuite hostname="DESKTOP-OBP08OP" failures="0" tests="12" name="TestCase.FinialProjecrt.TestCases" time="89.829" errors="1" timestamp="2025-06-17T15:26:17 EET" skipped="10">
  <testcase classname="TestCase.FinialProjecrt.TestCases" name="HotelSearch" time="44.290"/>
  <testcase classname="TestCase.FinialProjecrt.TestCases" name="HotelBookingProcess" time="45.539">
    <error message="element click intercepted: Element &lt;button class=&quot;MuiLoadingButton-root MuiButton-root MuiButton-contained MuiButton-containedAqua100 MuiButton-sizeSmall MuiButton-containedSizeSmall MuiButtonBase-root __ds__comp muiltr-7qavx8&quot; tabindex=&quot;0&quot; type=&quot;button&quot; data-testid=&quot;addons_CTA_book_undefined&quot; id=&quot;mui-6&quot;&gt;...&lt;/button&gt; is not clickable at point (867, 24). Other element would receive the click: &lt;svg xmlns=&quot;http://www.w3.org/2000/svg&quot; role=&quot;img&quot; viewBox=&quot;0 0 24 24&quot; fill=&quot;none&quot; width=&quot;16&quot; height=&quot;16&quot; class=&quot;muiltr-15huzzd&quot;&gt;...&lt;/svg&gt;
  (Session info: chrome=137.0.7151.104)
Build info: version: &#039;4.31.0&#039;, revision: &#039;1ef9f18787*&#039;
System info: os.name: &#039;Windows 10&#039;, os.arch: &#039;amd64&#039;, os.version: &#039;10.0&#039;, java.version: &#039;17.0.12&#039;
Driver info: org.openqa.selenium.chrome.ChromeDriver
Command: [160277fa9785d1c91704246ca2d7b2ba, clickElement {id=f.AF7B6ED2E31F74715183B75B992ED28D.d.6FE02967C5E4F5C85DD27154195DECF5.e.397}]
Capabilities {acceptInsecureCerts: false, browserName: chrome, browserVersion: 137.0.7151.104, chrome: {chromedriverVersion: 137.0.7151.70 (dfa4dc56b2ab..., userDataDir: C:\Users\mousa\AppData\Loca...}, fedcm:accounts: true, goog:chromeOptions: {debuggerAddress: localhost:61223}, networkConnectionEnabled: false, pageLoadStrategy: normal, platformName: windows, proxy: Proxy(), se:cdp: ws://localhost:61223/devtoo..., se:cdpVersion: 137.0.7151.104, setWindowRect: true, strictFileInteractability: false, timeouts: {implicit: 0, pageLoad: 300000, script: 30000}, unhandledPromptBehavior: dismiss and notify, webauthn:extension:credBlob: true, webauthn:extension:largeBlob: true, webauthn:extension:minPinLength: true, webauthn:extension:prf: true, webauthn:virtualAuthenticators: true}
Element: [[ChromeDriver: chrome on windows (160277fa9785d1c91704246ca2d7b2ba)] -&gt; id: mui-6]
Session ID: 160277fa9785d1c91704246ca2d7b2ba" type="org.openqa.selenium.ElementClickInterceptedException">
      <![CDATA[org.openqa.selenium.ElementClickInterceptedException: element click intercepted: Element <button class="MuiLoadingButton-root MuiButton-root MuiButton-contained MuiButton-containedAqua100 MuiButton-sizeSmall MuiButton-containedSizeSmall MuiButtonBase-root __ds__comp muiltr-7qavx8" tabindex="0" type="button" data-testid="addons_CTA_book_undefined" id="mui-6">...</button> is not clickable at point (867, 24). Other element would receive the click: <svg xmlns="http://www.w3.org/2000/svg" role="img" viewBox="0 0 24 24" fill="none" width="16" height="16" class="muiltr-15huzzd">...</svg>
  (Session info: chrome=137.0.7151.104)
Build info: version: '4.31.0', revision: '1ef9f18787*'
System info: os.name: 'Windows 10', os.arch: 'amd64', os.version: '10.0', java.version: '17.0.12'
Driver info: org.openqa.selenium.chrome.ChromeDriver
Command: [160277fa9785d1c91704246ca2d7b2ba, clickElement {id=f.AF7B6ED2E31F74715183B75B992ED28D.d.6FE02967C5E4F5C85DD27154195DECF5.e.397}]
Capabilities {acceptInsecureCerts: false, browserName: chrome, browserVersion: 137.0.7151.104, chrome: {chromedriverVersion: 137.0.7151.70 (dfa4dc56b2ab..., userDataDir: C:\Users\mousa\AppData\Loca...}, fedcm:accounts: true, goog:chromeOptions: {debuggerAddress: localhost:61223}, networkConnectionEnabled: false, pageLoadStrategy: normal, platformName: windows, proxy: Proxy(), se:cdp: ws://localhost:61223/devtoo..., se:cdpVersion: 137.0.7151.104, setWindowRect: true, strictFileInteractability: false, timeouts: {implicit: 0, pageLoad: 300000, script: 30000}, unhandledPromptBehavior: dismiss and notify, webauthn:extension:credBlob: true, webauthn:extension:largeBlob: true, webauthn:extension:minPinLength: true, webauthn:extension:prf: true, webauthn:virtualAuthenticators: true}
Element: [[ChromeDriver: chrome on windows (160277fa9785d1c91704246ca2d7b2ba)] -> id: mui-6]
Session ID: 160277fa9785d1c91704246ca2d7b2ba
at java.base/jdk.internal.reflect.NativeConstructorAccessorImpl.newInstance0(Native Method)
at java.base/jdk.internal.reflect.NativeConstructorAccessorImpl.newInstance(NativeConstructorAccessorImpl.java:77)
at java.base/jdk.internal.reflect.DelegatingConstructorAccessorImpl.newInstance(DelegatingConstructorAccessorImpl.java:45)
at java.base/java.lang.reflect.Constructor.newInstanceWithCaller(Constructor.java:499)
at java.base/java.lang.reflect.Constructor.newInstance(Constructor.java:480)
at org.openqa.selenium.remote.ErrorCodec.decode(ErrorCodec.java:167)
at org.openqa.selenium.remote.codec.w3c.W3CHttpResponseCodec.decode(W3CHttpResponseCodec.java:138)
at org.openqa.selenium.remote.codec.w3c.W3CHttpResponseCodec.decode(W3CHttpResponseCodec.java:50)
at org.openqa.selenium.remote.HttpCommandExecutor.execute(HttpCommandExecutor.java:215)
at org.openqa.selenium.remote.service.DriverCommandExecutor.invokeExecute(DriverCommandExecutor.java:216)
at org.openqa.selenium.remote.service.DriverCommandExecutor.execute(DriverCommandExecutor.java:174)
at org.openqa.selenium.remote.RemoteWebDriver.execute(RemoteWebDriver.java:545)
at org.openqa.selenium.remote.RemoteWebElement.execute(RemoteWebElement.java:223)
at org.openqa.selenium.remote.RemoteWebElement.click(RemoteWebElement.java:76)
at TestCase.FinialProjecrt.TestCases.HotelBookingProcess(TestCases.java:402)
at java.base/jdk.internal.reflect.NativeMethodAccessorImpl.invoke0(Native Method)
at java.base/jdk.internal.reflect.NativeMethodAccessorImpl.invoke(NativeMethodAccessorImpl.java:77)
at java.base/jdk.internal.reflect.DelegatingMethodAccessorImpl.invoke(DelegatingMethodAccessorImpl.java:43)
at java.base/java.lang.reflect.Method.invoke(Method.java:568)
at org.testng.internal.invokers.MethodInvocationHelper.invokeMethod(MethodInvocationHelper.java:141)
at org.testng.internal.invokers.TestInvoker.invokeMethod(TestInvoker.java:687)
at org.testng.internal.invokers.TestInvoker.invokeTestMethod(TestInvoker.java:230)
at org.testng.internal.invokers.MethodRunner.runInSequence(MethodRunner.java:63)
at org.testng.internal.invokers.TestInvoker$MethodInvocationAgent.invoke(TestInvoker.java:995)
at org.testng.internal.invokers.TestInvoker.invokeTestMethods(TestInvoker.java:203)
at org.testng.internal.invokers.TestMethodWorker.invokeTestMethods(TestMethodWorker.java:154)
at org.testng.internal.invokers.TestMethodWorker.run(TestMethodWorker.java:134)
at java.base/java.util.ArrayList.forEach(ArrayList.java:1511)
at org.testng.TestRunner.privateRun(TestRunner.java:741)
at org.testng.TestRunner.run(TestRunner.java:616)
at org.testng.SuiteRunner.runTest(SuiteRunner.java:421)
at org.testng.SuiteRunner.runSequentially(SuiteRunner.java:413)
at org.testng.SuiteRunner.privateRun(SuiteRunner.java:373)
at org.testng.SuiteRunner.run(SuiteRunner.java:312)
at org.testng.SuiteRunnerWorker.runSuite(SuiteRunnerWorker.java:52)
at org.testng.SuiteRunnerWorker.run(SuiteRunnerWorker.java:95)
at org.testng.TestNG.runSuitesSequentially(TestNG.java:1274)
at org.testng.TestNG.runSuitesLocally(TestNG.java:1208)
at org.testng.TestNG.runSuites(TestNG.java:1112)
at org.testng.TestNG.run(TestNG.java:1079)
at org.testng.remote.AbstractRemoteTestNG.run(AbstractRemoteTestNG.java:115)
at org.testng.remote.RemoteTestNG.initAndRun(RemoteTestNG.java:293)
at org.testng.remote.RemoteTestNG.main(RemoteTestNG.java:91)
]]>
    </error>
  </testcase> <!-- HotelBookingProcess -->
  <testcase classname="TestCase.FinialProjecrt.TestCases" name="FlightSearch">
    <skipped/>
  </testcase> <!-- FlightSearch -->
  <testcase classname="TestCase.FinialProjecrt.TestCases" name="PromotionalOffers">
    <skipped/>
  </testcase> <!-- PromotionalOffers -->
  <testcase classname="TestCase.FinialProjecrt.TestCases" name="FiltersSearchResults">
    <skipped/>
  </testcase> <!-- FiltersSearchResults -->
  <testcase classname="TestCase.FinialProjecrt.TestCases" name="ForgetPassward">
    <skipped/>
  </testcase> <!-- ForgetPassward -->
  <testcase classname="TestCase.FinialProjecrt.TestCases" name="LoginAccount">
    <skipped/>
  </testcase> <!-- LoginAccount -->
  <testcase classname="TestCase.FinialProjecrt.TestCases" name="CreateAccount">
    <skipped/>
  </testcase> <!-- CreateAccount -->
  <testcase classname="TestCase.FinialProjecrt.TestCases" name="MultiLanguageUsing">
    <skipped/>
  </testcase> <!-- MultiLanguageUsing -->
  <testcase classname="TestCase.FinialProjecrt.TestCases" name="ProcessCheckOut">
    <skipped/>
  </testcase> <!-- ProcessCheckOut -->
  <testcase classname="TestCase.FinialProjecrt.TestCases" name="CheckOut">
    <skipped/>
  </testcase> <!-- CheckOut -->
  <testcase classname="TestCase.FinialProjecrt.TestCases" name="CustomerSupport">
    <skipped/>
  </testcase> <!-- CustomerSupport -->
</testsuite> <!-- TestCase.FinialProjecrt.TestCases -->
