<?xml version="1.0" encoding="UTF-8"?>
<!-- Generated by org.testng.reporters.JUnitReportReporter -->
<testsuite hostname="DESKTOP-OBP08OP" failures="0" tests="14" name="TestCase.FinialProjecrt.TestCases" time="22.368" errors="0" timestamp="2025-06-20T23:39:11 EET" skipped="13">
  <testcase classname="TestCase.FinialProjecrt.TestCases" name="CustomerSupport" time="22.368"/>
  <testcase classname="TestCase.FinialProjecrt.TestCases" name="CreateAccount">
    <skipped/>
  </testcase> <!-- CreateAccount -->
  <testcase classname="TestCase.FinialProjecrt.TestCases" name="BookingProcess">
    <skipped/>
  </testcase> <!-- BookingProcess -->
  <testcase classname="TestCase.FinialProjecrt.TestCases" name="FlightSearch">
    <skipped/>
  </testcase> <!-- FlightSearch -->
  <testcase classname="TestCase.FinialProjecrt.TestCases" name="HotelBookingProcess">
    <skipped/>
  </testcase> <!-- HotelBookingProcess -->
  <testcase classname="TestCase.FinialProjecrt.TestCases" name="CheckOutProcess">
    <skipped/>
  </testcase> <!-- CheckOutProcess -->
  <testcase classname="TestCase.FinialProjecrt.TestCases" name="LoginAccount">
    <skipped/>
  </testcase> <!-- LoginAccount -->
  <testcase classname="TestCase.FinialProjecrt.TestCases" name="CheckOutHotal">
    <skipped/>
  </testcase> <!-- CheckOutHotal -->
  <testcase classname="TestCase.FinialProjecrt.TestCases" name="ForgetPassward">
    <skipped/>
  </testcase> <!-- ForgetPassward -->
  <testcase classname="TestCase.FinialProjecrt.TestCases" name="MultiLanguageUsing">
    <skipped/>
  </testcase> <!-- MultiLanguageUsing -->
  <testcase classname="TestCase.FinialProjecrt.TestCases" name="HotelSearch">
    <skipped/>
  </testcase> <!-- HotelSearch -->
  <testcase classname="TestCase.FinialProjecrt.TestCases" name="FiltersSearchResults">
    <skipped/>
  </testcase> <!-- FiltersSearchResults -->
  <testcase classname="TestCase.FinialProjecrt.TestCases" name="SubmitInformation">
    <skipped/>
  </testcase> <!-- SubmitInformation -->
  <testcase classname="TestCase.FinialProjecrt.TestCases" name="PromotionalOffers">
    <skipped/>
  </testcase> <!-- PromotionalOffers -->
</testsuite> <!-- TestCase.FinialProjecrt.TestCases -->
