<?xml version="1.0" encoding="UTF-8"?>
<!-- Generated by org.testng.reporters.JUnitReportReporter -->
<testsuite hostname="DESKTOP-OBP08OP" failures="0" tests="18" name="TestCase.FinialProjecrt.TestCases" time="144.151" errors="0" timestamp="2025-06-24T13:33:50 EET" skipped="7">
  <testcase classname="TestCase.FinialProjecrt.TestCases" name="LoginAccount" time="4.343"/>
  <testcase classname="TestCase.FinialProjecrt.TestCases" name="MultiLanguageUsing" time="5.057"/>
  <testcase classname="TestCase.FinialProjecrt.TestCases" name="MultiLanguageUsing" time="3.219"/>
  <testcase classname="TestCase.FinialProjecrt.TestCases" name="MultiLanguageUsing" time="5.375"/>
  <testcase classname="TestCase.FinialProjecrt.TestCases" name="MultiLanguageUsing" time="5.027"/>
  <testcase classname="TestCase.FinialProjecrt.TestCases" name="MultiLanguageUsing" time="5.741"/>
  <testcase classname="TestCase.FinialProjecrt.TestCases" name="HotelSearch" time="14.621"/>
  <testcase classname="TestCase.FinialProjecrt.TestCases" name="HotelBookingProcess" time="55.526"/>
  <testcase classname="TestCase.FinialProjecrt.TestCases" name="CheckOutHotal" time="14.656"/>
  <testcase classname="TestCase.FinialProjecrt.TestCases" name="PromotionalOffers" time="13.055"/>
  <testcase classname="TestCase.FinialProjecrt.TestCases" name="CustomerSupport" time="17.531"/>
  <testcase classname="TestCase.FinialProjecrt.TestCases" name="FiltersSearchResults">
    <skipped/>
  </testcase> <!-- FiltersSearchResults -->
  <testcase classname="TestCase.FinialProjecrt.TestCases" name="BookingProcess">
    <skipped/>
  </testcase> <!-- BookingProcess -->
  <testcase classname="TestCase.FinialProjecrt.TestCases" name="FlightSearch">
    <skipped/>
  </testcase> <!-- FlightSearch -->
  <testcase classname="TestCase.FinialProjecrt.TestCases" name="CreateAccount">
    <skipped/>
  </testcase> <!-- CreateAccount -->
  <testcase classname="TestCase.FinialProjecrt.TestCases" name="SubmitInformation">
    <skipped/>
  </testcase> <!-- SubmitInformation -->
  <testcase classname="TestCase.FinialProjecrt.TestCases" name="CheckOutProcess">
    <skipped/>
  </testcase> <!-- CheckOutProcess -->
  <testcase classname="TestCase.FinialProjecrt.TestCases" name="ForgetPassward">
    <skipped/>
  </testcase> <!-- ForgetPassward -->
</testsuite> <!-- TestCase.FinialProjecrt.TestCases -->
